2025-02-15 15:49:18,632 - INFO - === Logging Setup Complete ===
2025-02-15 15:49:18,990 - INFO - Loaded pbj_nurse with shape (1325324, 33)
2025-02-15 15:49:19,354 - INFO - Loaded pbj_non_nurse with shape (1325324, 82)
2025-02-15 15:49:19,655 - INFO - Loaded qrp_provider with shape (710016, 16)
2025-02-15 15:49:19,680 - INFO - Loaded nh_survey with shape (44189, 41)
2025-02-15 15:49:19,779 - INFO - Loaded nh_quality_mds with shape (251464, 23)
2025-02-15 15:49:19,855 - INFO - Loaded nh_ownership with shape (144651, 13)
2025-02-15 15:49:20,100 - INFO - Loaded nh_citations with shape (406789, 23)
2025-02-15 15:49:20,100 - INFO - === Identifying Exclusive Contract RN Days (>= 99% Contract Ratio) ===
2025-02-15 15:49:20,128 - INFO - Shape of DataFrame with Exclusive Contract RN Days: (23321, 35)
2025-02-15 15:49:20,128 - INFO - Number of days with >= 99.0% contract RN usage: 23321
2025-02-15 15:49:20,130 - INFO - Number of unique facilities with >= 99.0% contract RN usage on at least one day: 2202
2025-02-15 15:49:20,130 - INFO - === Exclusive Contract RN Days Identification Complete ===
2025-02-15 15:49:20,130 - INFO - === Analyzing Day of Week Distribution of Exclusive Contract Days ===
2025-02-15 15:49:20,138 - INFO - Day of Week Distribution of Exclusive Contract RN Days (Percentage):
2025-02-15 15:49:20,138 - INFO - day_of_week
Sunday       0.208482
Saturday     0.194932
Friday       0.128125
Monday       0.121779
Thursday     0.117405
Tuesday      0.115261
Wednesday    0.114017
Name: proportion, dtype: float64
2025-02-15 15:49:20,139 - INFO - === Day of Week Distribution Analysis Complete ===
2025-02-15 15:49:20,139 - INFO - === Analyzing Census Distribution on Exclusive Contract Days vs. All Days ===
2025-02-15 15:49:20,139 - INFO - Census Statistics on Exclusive Contract RN Days:
2025-02-15 15:49:20,140 - INFO - count    23321.000000
mean        68.136915
std         41.881966
min          2.000000
25%         40.000000
50%         59.000000
75%         87.000000
max        359.000000
Name: mdscensus, dtype: float64
2025-02-15 15:49:20,141 - INFO - Census Statistics on ALL Days (from pbj_nurse):
2025-02-15 15:49:20,164 - INFO - count    1.325324e+06
mean     8.341670e+01
std      4.904109e+01
min      0.000000e+00
25%      5.100000e+01
50%      7.600000e+01
75%      1.040000e+02
max      7.420000e+02
Name: mdscensus, dtype: float64
2025-02-15 15:49:20,165 - INFO - === Census Distribution Analysis Complete ===
2025-02-15 15:49:20,165 - INFO - === Analyzing Quality & Deficiencies for Facilities with Exclusive Contract Days vs. All Facilities ===
2025-02-15 15:49:20,166 - INFO - Number of facilities with exclusive contract days: 2202
2025-02-15 15:49:21,389 - INFO - --- Quality & Deficiency Metrics for Facilities WITH Exclusive Contract Days ---
2025-02-15 15:49:21,389 - INFO - Average Total Health Deficiencies:
2025-02-15 15:49:21,390 - INFO - 7.735374771480805
2025-02-15 15:49:21,518 - INFO - Average Quality Score (score):
2025-02-15 15:49:21,532 - INFO - 41.87507167441819
2025-02-15 15:49:21,532 - INFO - --- Quality & Deficiency Metrics for ALL Facilities (for comparison) ---
2025-02-15 15:49:21,533 - INFO - Average Total Health Deficiencies:
2025-02-15 15:49:21,534 - INFO - 7.014709543098961
2025-02-15 15:49:22,379 - INFO - Average Quality Score (score):
2025-02-15 15:49:22,473 - INFO - 51.894811580346925
2025-02-15 15:49:22,473 - INFO - === Quality & Deficiencies Analysis Complete ===
2025-02-15 15:49:22,473 - INFO - === Analyzing Ownership Type of Facilities with Exclusive Contract Days ===
2025-02-15 15:49:22,482 - INFO - Ownership Type Distribution for Facilities with Exclusive Contract Days:
2025-02-15 15:49:22,483 - INFO - owner_type
Individual      0.731356
Organization    0.268644
Name: proportion, dtype: float64
2025-02-15 15:49:22,488 - INFO - Ownership Type Distribution for ALL Facilities (for comparison):
2025-02-15 15:49:22,488 - INFO - owner_type
Individual      0.72265
Organization    0.27735
Name: proportion, dtype: float64
2025-02-15 15:49:22,488 - INFO - === Ownership Type Analysis of Facilities with Exclusive Contract Days Complete ===
2025-02-15 15:49:22,488 - INFO - === Geographic Distribution (State) of Facilities with Exclusive Contract Days ===
2025-02-15 15:49:22,523 - INFO - State Distribution of Facilities with Exclusive Contract Days (Percentage):
2025-02-15 15:49:22,524 - INFO - state
OH    0.078431
TX    0.060648
MO    0.050160
NC    0.046968
IA    0.046512
PA    0.045600
MA    0.044688
IL    0.041040
KS    0.041040
IN    0.036480
Name: proportion, dtype: float64
2025-02-15 15:49:22,548 - INFO - State Distribution for ALL Facilities (Top 10 - for comparison):
2025-02-15 15:49:22,549 - INFO - state
TX    0.080111
CA    0.078624
OH    0.062601
FL    0.047052
IL    0.045903
PA    0.044889
NY    0.040765
IN    0.034478
MO    0.033126
MI    0.028664
Name: proportion, dtype: float64
2025-02-15 15:49:22,549 - INFO - === Geographic Distribution Analysis of Facilities with Exclusive Contract Days Complete ===
2025-02-15 15:49:22,549 - INFO - === Comprehensive Analysis of Exclusive Contract Days Completed ===
2025-02-15 15:49:22,549 - INFO - Logs saved to: exclusive_contract_days_analysis.log
