2025-02-15 13:50:03,046 - INFO - === Logging Setup Complete ===
2025-02-15 13:50:03,409 - INFO - Loaded pbj_nurse with shape (1325324, 33)
2025-02-15 13:50:03,903 - INFO - Loaded pbj_non_nurse with shape (1325324, 82)
2025-02-15 13:50:04,229 - INFO - Loaded qrp_provider with shape (710016, 16)
2025-02-15 13:50:04,255 - INFO - Loaded nh_survey with shape (44189, 41)
2025-02-15 13:50:04,364 - INFO - Loaded nh_quality_mds with shape (251464, 23)
2025-02-15 13:50:04,443 - INFO - Loaded nh_ownership with shape (144651, 13)
2025-02-15 13:50:04,718 - INFO - Loaded nh_citations with shape (406789, 23)
2025-02-15 13:50:04,718 - INFO - === Identifying Small Facilities (<= 120 Residents) ===
2025-02-15 13:50:04,789 - INFO - Number of small facilities identified: 11992
2025-02-15 13:50:05,110 - INFO - Shape of pbj_nurse for small facilities: (1091272, 33)
2025-02-15 13:50:05,110 - INFO - === Small Facilities Identification Complete ===
2025-02-15 13:50:05,110 - INFO - === Analyzing RN Staffing Ratio in Small Facilities (Question 1) ===
2025-02-15 13:50:05,146 - INFO - Summary Statistics for RN Contract Ratio in Small Facilities:
2025-02-15 13:50:05,149 - INFO - count    91.000000
mean      0.060699
std       0.006867
min       0.052862
25%       0.054612
50%       0.058879
75%       0.069051
max       0.073481
Name: contract_rn_ratio, dtype: float64
2025-02-15 13:50:05,149 - INFO - Average RN Contract Ratio in Small Facilities (Q2 2024): 0.0607
2025-02-15 13:50:05,149 - INFO - === RN Staffing Ratio Analysis in Small Facilities Complete ===
2025-02-15 13:50:05,149 - INFO - === Analyzing Intra-Quarter Variation for CNAs in Small Facilities (Question 2) ===
2025-02-15 13:50:05,188 - INFO - Correlation between Daily CNA Contract Ratio and Average Census in Small Facilities: -0.4014
2025-02-15 13:50:05,188 - INFO - Summary Statistics for CNA Contract Ratio in Small Facilities:
2025-02-15 13:50:05,189 - INFO - count    91.000000
mean      0.062569
std       0.008044
min       0.047323
25%       0.057043
50%       0.061312
75%       0.069789
max       0.078540
Name: average_cna_ratio, dtype: float64
2025-02-15 13:50:05,189 - INFO - === CNA Intra-Quarter Variation Analysis in Small Facilities Complete ===
2025-02-15 13:50:05,189 - INFO - === Exploring Exclusive Contract & Outlier Facilities among Small Facilities ===
2025-02-15 13:50:05,198 - INFO - Number of days with >= 99.0% contract RN usage in small facilities: 21126
2025-02-15 13:50:05,199 - INFO - Number of unique small facilities with >= 99.0% contract RN usage on at least one day: 1997
2025-02-15 13:50:05,253 - INFO - Number of outlier small facilities (top 5%ile by average RN contract ratio): 600
2025-02-15 13:50:05,253 - INFO - Example Outlier Ratio Threshold: 0.3587
2025-02-15 13:50:05,253 - INFO - === Exclusive Contract & Outlier Facility Exploration among Small Facilities Complete ===
2025-02-15 13:50:05,253 - INFO - === Analyzing Quality & Deficiencies for Small Facilities with Higher Temp Staffing ===
2025-02-15 13:50:06,623 - INFO - Correlation between Avg RN Contract Ratio and Total Health Deficiencies in Small Facilities: 0.0787
2025-02-15 13:50:07,375 - INFO - Correlation between Avg RN Contract Ratio and Quality Score in Small Facilities (score): -0.0165
2025-02-15 13:50:07,375 - INFO - === Quality & Deficiencies Analysis for Small Facilities Complete ===
2025-02-15 13:50:07,375 - INFO - === Analyzing Ownership Type of Small Facilities ===
2025-02-15 13:50:07,431 - INFO - Ownership Type Distribution for Small Facilities:
2025-02-15 13:50:07,431 - INFO - owner_type
Individual      0.729432
Organization    0.270568
Name: proportion, dtype: float64
2025-02-15 13:50:07,471 - INFO - Average RN Contract Ratio by Ownership Type in Small Facilities:
2025-02-15 13:50:07,471 - INFO - owner_type
Individual      0.060132
Organization    0.055757
Name: contract_rn_ratio, dtype: float64
2025-02-15 13:50:07,471 - INFO - === Ownership Type Analysis of Small Facilities Complete ===
2025-02-15 13:50:07,471 - INFO - === Comprehensive Analysis of Small Facilities Completed ===
2025-02-15 13:50:07,472 - INFO - Logs saved to: small_facilities_analysis.log
2025-02-15 13:50:07,490 - INFO - output-d926f73c-0eb4-4184-a4c1-cea1717806d4
